<?xml version="1.0" encoding="UTF-8"?>
<!-- Generated by org.testng.reporters.JUnitReportReporter -->
<testsuite skipped="0" hostname="DESKTOP-3S42E7Q" name="java2020Coding.TestDemo" tests="1" failures="0" timestamp="20 Jan 2020 06:34:06 GMT" time="0.021" errors="0">
  <testcase name="TestCases" time="0.021" classname="java2020Coding.TestDemo"/>
</testsuite> <!-- java2020Coding.TestDemo -->
